2014-01-22 21:13:57 [INFO] [Multiverse-Core] - Version 2.4-b527 (API v14) Enabled - By Rigby, fernferret, lithium3141 and main--
2014-01-22 21:13:59 [INFO] [Multiverse-Core] Loading World & Settings - 'world' - Env: NORMAL - Type: NORMAL & seed: 99048611
2014-01-22 21:14:00 [INFO] [Multiverse-Core] Loading World & Settings - 'world_nether' - Env: NETHER - Type: NORMAL & seed: 99048611
2014-01-22 21:14:00 [WARNING] [Multiverse-Core] Spawn location from world.dat file was unsafe. Adjusting...
2014-01-22 21:14:00 [WARNING] [Multiverse-Core] Original Location: X: 772 Y: 67 Z: 686 P: 0 Y: 0 
2014-01-22 21:14:00 [INFO] [Multiverse-Core] New Spawn for 'world_nether' is Located at: world_nether:777.50,63.00,690.50:0.00:0.00
2014-01-22 21:14:06 [INFO] [Multiverse-Core] Loading World & Settings - 'world_the_end' - Env: THE_END - Type: NORMAL & seed: 99048611
2014-01-22 21:14:06 [WARNING] [Multiverse-Core] Spawn location from world.dat file was unsafe. Adjusting...
2014-01-22 21:14:06 [WARNING] [Multiverse-Core] Original Location: X: 772 Y: 67 Z: 686 P: 0 Y: 0 
2014-01-22 21:14:07 [INFO] [Multiverse-Core] New Spawn for 'world_the_end' is Located at: world_the_end:0.00,63.00,0.00:0.00:0.00
2014-01-22 21:14:08 [INFO] [Multiverse-Core] Loading World & Settings - 'world' - Env: NORMAL - Type: NORMAL & seed: 99048611
2014-01-22 21:14:08 [INFO] [Multiverse-Core] Loading World & Settings - 'world_nether' - Env: NETHER - Type: NORMAL & seed: 99048611
2014-01-22 21:14:08 [INFO] [Multiverse-Core] Loading World & Settings - 'world_the_end' - Env: THE_END - Type: NORMAL & seed: 99048611
2014-01-22 21:14:08 [INFO] [Multiverse-Core] 3 - World(s) loaded.
2014-01-22 21:18:34 [INFO] [Multiverse-Core] Loading World & Settings - 'creative' - Env: NORMAL - Type: FLAT
2014-01-22 21:24:31 [INFO] [Multiverse-Core] PLEASE IGNORE the 'Plugin X does not contain any generators' message below!
2014-01-22 21:31:54 [WARNING] [Multiverse-Core] Portal fromCreative has an invalid DESTINATION!
2014-01-22 21:33:27 [WARNING] [Multiverse-Core] Portal fromCreative has an invalid DESTINATION!
2014-01-22 21:33:35 [WARNING] [Multiverse-Core] Portal fromCreative has an invalid DESTINATION!
2014-01-22 23:16:48 [INFO] [Multiverse-Core] - Version 2.4-b527 (API v14) Enabled - By Rigby, fernferret, lithium3141 and main--
2014-01-22 23:16:49 [INFO] [Multiverse-Core] Loading World & Settings - 'world' - Env: NORMAL - Type: NORMAL & seed: 99048611
2014-01-22 23:16:50 [INFO] [Multiverse-Core] Loading World & Settings - 'world_nether' - Env: NETHER - Type: NORMAL & seed: 99048611
2014-01-22 23:16:55 [INFO] [Multiverse-Core] Loading World & Settings - 'world_the_end' - Env: THE_END - Type: NORMAL & seed: 99048611
2014-01-22 23:16:56 [INFO] [Multiverse-Core] Loading World & Settings - 'creative' - Env: NORMAL - Type: FLAT & seed: -7778437803107453974
2014-01-22 23:16:56 [INFO] [Multiverse-Core] 4 - World(s) loaded.
2014-01-22 23:30:36 [INFO] [Multiverse-Core] - Version 2.4-b527 (API v14) Enabled - By Rigby, fernferret, lithium3141 and main--
2014-01-22 23:30:36 [INFO] [Multiverse-Core] Loading World & Settings - 'world' - Env: NORMAL - Type: NORMAL & seed: 99048611
2014-01-22 23:30:37 [INFO] [Multiverse-Core] Loading World & Settings - 'world_nether' - Env: NETHER - Type: NORMAL & seed: 99048611
2014-01-22 23:30:43 [INFO] [Multiverse-Core] Loading World & Settings - 'world_the_end' - Env: THE_END - Type: NORMAL & seed: 99048611
2014-01-22 23:30:51 [INFO] [Multiverse-Core] Loading World & Settings - 'creative' - Env: NORMAL - Type: FLAT & seed: -7778437803107453974
2014-01-22 23:30:51 [INFO] [Multiverse-Core] 4 - World(s) loaded.
2014-01-23 00:05:39 [INFO] [Multiverse-Core] - Version 2.4-b527 (API v14) Enabled - By Rigby, fernferret, lithium3141 and main--
2014-01-23 00:05:39 [INFO] [Multiverse-Core] Loading World & Settings - 'world' - Env: NORMAL - Type: NORMAL & seed: 99048611
2014-01-23 00:05:40 [INFO] [Multiverse-Core] Loading World & Settings - 'world_nether' - Env: NETHER - Type: NORMAL & seed: 99048611
2014-01-23 00:05:42 [INFO] [Multiverse-Core] Loading World & Settings - 'world_the_end' - Env: THE_END - Type: NORMAL & seed: 99048611
2014-01-23 00:05:42 [INFO] [Multiverse-Core] Loading World & Settings - 'creative' - Env: NORMAL - Type: FLAT & seed: -7778437803107453974
2014-01-23 00:05:42 [INFO] [Multiverse-Core] 4 - World(s) loaded.
2014-01-24 10:25:06 [INFO] [Multiverse-Core] Loading World & Settings - 'world' - Env: NORMAL - Type: NORMAL & seed: 99048611
2014-01-24 10:25:07 [INFO] [Multiverse-Core] Loading World & Settings - 'world_nether' - Env: NETHER - Type: NORMAL & seed: 99048611
2014-01-24 10:25:07 [INFO] [Multiverse-Core] Loading World & Settings - 'world_the_end' - Env: THE_END - Type: NORMAL & seed: 99048611
2014-01-24 10:25:07 [INFO] [Multiverse-Core] Loading World & Settings - 'creative' - Env: NORMAL - Type: FLAT & seed: -7778437803107453974
2014-01-24 10:25:07 [INFO] [Multiverse-Core] 4 - World(s) loaded.
2014-01-24 10:26:05 [INFO] [Multiverse-Core] Loading World & Settings - 'world' - Env: NORMAL - Type: NORMAL & seed: 99048611
2014-01-24 10:26:06 [INFO] [Multiverse-Core] Loading World & Settings - 'world_nether' - Env: NETHER - Type: NORMAL & seed: 99048611
2014-01-24 10:26:06 [INFO] [Multiverse-Core] Loading World & Settings - 'world_the_end' - Env: THE_END - Type: NORMAL & seed: 99048611
2014-01-24 10:26:06 [INFO] [Multiverse-Core] Loading World & Settings - 'creative' - Env: NORMAL - Type: FLAT & seed: -7778437803107453974
2014-01-24 10:26:06 [INFO] [Multiverse-Core] 4 - World(s) loaded.
2014-01-24 10:29:34 [INFO] [Multiverse-Core] Loading World & Settings - 'world' - Env: NORMAL - Type: NORMAL & seed: 99048611
2014-01-24 10:29:35 [INFO] [Multiverse-Core] Loading World & Settings - 'world_nether' - Env: NETHER - Type: NORMAL & seed: 99048611
2014-01-24 10:29:35 [INFO] [Multiverse-Core] Loading World & Settings - 'world_the_end' - Env: THE_END - Type: NORMAL & seed: 99048611
2014-01-24 10:29:35 [INFO] [Multiverse-Core] Loading World & Settings - 'creative' - Env: NORMAL - Type: FLAT & seed: -7778437803107453974
2014-01-24 10:29:35 [INFO] [Multiverse-Core] 4 - World(s) loaded.
2014-02-04 21:38:55 [INFO] [Multiverse-Core] - Version 2.4-b527 (API v14) Enabled - By Rigby, fernferret, lithium3141 and main--
2014-02-04 21:38:56 [INFO] [Multiverse-Core] Loading World & Settings - 'world' - Env: NORMAL - Type: NORMAL & seed: 99048611
2014-02-04 21:38:57 [INFO] [Multiverse-Core] Loading World & Settings - 'world_nether' - Env: NETHER - Type: NORMAL & seed: 99048611
2014-02-04 21:38:57 [INFO] [Multiverse-Core] Loading World & Settings - 'world_the_end' - Env: THE_END - Type: NORMAL & seed: 99048611
2014-02-04 21:38:57 [INFO] [Multiverse-Core] Loading World & Settings - 'creative' - Env: NORMAL - Type: FLAT & seed: -7778437803107453974
2014-02-04 21:38:57 [INFO] [Multiverse-Core] 4 - World(s) loaded.
2014-02-04 21:40:31 [INFO] [Multiverse-Core] - Version 2.4-b527 (API v14) Enabled - By Rigby, fernferret, lithium3141 and main--
2014-02-04 21:40:32 [INFO] [Multiverse-Core] Loading World & Settings - 'world' - Env: NORMAL - Type: NORMAL & seed: 99048611
2014-02-04 21:40:33 [INFO] [Multiverse-Core] Loading World & Settings - 'world_nether' - Env: NETHER - Type: NORMAL & seed: 99048611
2014-02-04 21:40:33 [INFO] [Multiverse-Core] Loading World & Settings - 'world_the_end' - Env: THE_END - Type: NORMAL & seed: 99048611
2014-02-04 21:40:33 [INFO] [Multiverse-Core] Loading World & Settings - 'creative' - Env: NORMAL - Type: FLAT & seed: -7778437803107453974
2014-02-04 21:40:36 [INFO] [Multiverse-Core] 4 - World(s) loaded.
2014-02-04 21:43:28 [INFO] [Multiverse-Core] - Version 2.4-b527 (API v14) Enabled - By Rigby, fernferret, lithium3141 and main--
2014-02-04 21:43:28 [INFO] [Multiverse-Core] Loading World & Settings - 'world' - Env: NORMAL - Type: NORMAL & seed: 99048611
2014-02-04 21:43:28 [INFO] [Multiverse-Core] Loading World & Settings - 'world_nether' - Env: NETHER - Type: NORMAL & seed: 99048611
2014-02-04 21:43:29 [INFO] [Multiverse-Core] Loading World & Settings - 'world_the_end' - Env: THE_END - Type: NORMAL & seed: 99048611
2014-02-04 21:43:29 [INFO] [Multiverse-Core] Loading World & Settings - 'creative' - Env: NORMAL - Type: FLAT & seed: -7778437803107453974
2014-02-04 21:43:29 [INFO] [Multiverse-Core] 4 - World(s) loaded.
2014-02-04 21:44:43 [INFO] [Multiverse-Core] - Version 2.4-b527 (API v14) Enabled - By Rigby, fernferret, lithium3141 and main--
2014-02-04 21:44:43 [INFO] [Multiverse-Core] Loading World & Settings - 'world' - Env: NORMAL - Type: NORMAL & seed: 99048611
2014-02-04 21:44:43 [INFO] [Multiverse-Core] Loading World & Settings - 'world_nether' - Env: NETHER - Type: NORMAL & seed: 99048611
2014-02-04 21:44:43 [INFO] [Multiverse-Core] Loading World & Settings - 'world_the_end' - Env: THE_END - Type: NORMAL & seed: 99048611
2014-02-04 21:44:43 [INFO] [Multiverse-Core] Loading World & Settings - 'creative' - Env: NORMAL - Type: FLAT & seed: -7778437803107453974
2014-02-04 21:44:43 [INFO] [Multiverse-Core] 4 - World(s) loaded.
